[0m13:17:06.707056 [debug] [MainThread]: Sending event: {'category': 'dbt', 'action': 'invocation', 'label': 'start', 'context': [<snowplow_tracker.self_describing_json.SelfDescribingJson object at 0x7f925c549250>, <snowplow_tracker.self_describing_json.SelfDescribingJson object at 0x7f925ca28250>, <snowplow_tracker.self_describing_json.SelfDescribingJson object at 0x7f925c522ad0>]}


============================== 13:17:06.712856 | 0d090436-56a4-4192-ad74-6fad6753aff2 ==============================
[0m13:17:06.712856 [info ] [MainThread]: Running with dbt=1.8.7
[0m13:17:06.713848 [debug] [MainThread]: running dbt with arguments {'printer_width': '80', 'indirect_selection': 'eager', 'write_json': 'True', 'log_cache_events': 'False', 'partial_parse': 'True', 'cache_selected_only': 'False', 'warn_error': 'None', 'fail_fast': 'False', 'profiles_dir': '/home/bence/.dbt', 'log_path': 'logs', 'version_check': 'True', 'debug': 'False', 'use_colors': 'True', 'use_experimental_parser': 'False', 'empty': 'None', 'quiet': 'False', 'no_print': 'None', 'log_format': 'default', 'static_parser': 'True', 'introspect': 'True', 'invocation_command': 'dbt init build_mau', 'target_path': 'None', 'warn_error_options': 'WarnErrorOptions(include=[], exclude=[])', 'send_anonymous_usage_stats': 'True'}
[0m13:17:06.747986 [debug] [MainThread]: Starter project path: /home/bence/DATA-226/DATA-226-Homework-8/venv/lib/python3.11/site-packages/dbt/include/starter_project
[0m13:17:06.757315 [info ] [MainThread]: 
Your new dbt project "build_mau" was created!

For more information on how to configure the profiles.yml file,
please consult the dbt documentation here:

  https://docs.getdbt.com/docs/configure-your-profile

One more thing:

Need help? Don't hesitate to reach out to us via GitHub issues or on Slack:

  https://community.getdbt.com/

Happy modeling!

[0m13:17:06.758368 [info ] [MainThread]: Setting up your profile.
[0m13:18:08.191384 [info ] [MainThread]: Profile build_mau written to /home/bence/.dbt/profiles.yml using target's profile_template.yml and your supplied values. Run 'dbt debug' to validate the connection.
[0m13:18:08.195277 [debug] [MainThread]: Resource report: {"command_name": "init", "command_success": true, "command_wall_clock_time": 61.576893, "process_user_time": 2.884661, "process_kernel_time": 0.230372, "process_mem_max_rss": "111208", "process_out_blocks": "80", "process_in_blocks": "0"}
[0m13:18:08.196986 [debug] [MainThread]: Command `dbt init` succeeded at 13:18:08.196725 after 61.58 seconds
[0m13:18:08.198486 [debug] [MainThread]: Sending event: {'category': 'dbt', 'action': 'invocation', 'label': 'end', 'context': [<snowplow_tracker.self_describing_json.SelfDescribingJson object at 0x7f925c0fefd0>, <snowplow_tracker.self_describing_json.SelfDescribingJson object at 0x7f925fd958d0>, <snowplow_tracker.self_describing_json.SelfDescribingJson object at 0x7f925fd95a50>]}
[0m13:18:08.200665 [debug] [MainThread]: Flushing usage events
